[2024-05-25T16:59:06.271+0000] {local_task_job_runner.py:120} INFO - ::group::Pre task execution logs
[2024-05-25T16:59:06.290+0000] {taskinstance.py:2076} INFO - Dependencies all met for dep_context=non-requeueable deps ti=<TaskInstance: my_spotify_dag.run_etl_task manual__2024-05-25T16:58:59.526507+00:00 [queued]>
[2024-05-25T16:59:06.298+0000] {taskinstance.py:2076} INFO - Dependencies all met for dep_context=requeueable deps ti=<TaskInstance: my_spotify_dag.run_etl_task manual__2024-05-25T16:58:59.526507+00:00 [queued]>
[2024-05-25T16:59:06.299+0000] {taskinstance.py:2306} INFO - Starting attempt 1 of 6
[2024-05-25T16:59:06.311+0000] {taskinstance.py:2330} INFO - Executing <Task(PythonOperator): run_etl_task> on 2024-05-25 16:58:59.526507+00:00
[2024-05-25T16:59:06.322+0000] {warnings.py:110} WARNING - /home/***/.local/lib/python3.12/site-packages/***/task/task_runner/standard_task_runner.py:61: DeprecationWarning: This process (pid=400) is multi-threaded, use of fork() may lead to deadlocks in the child.
  pid = os.fork()

[2024-05-25T16:59:06.323+0000] {standard_task_runner.py:63} INFO - Started process 402 to run task
[2024-05-25T16:59:06.323+0000] {standard_task_runner.py:90} INFO - Running: ['***', 'tasks', 'run', 'my_spotify_dag', 'run_etl_task', 'manual__2024-05-25T16:58:59.526507+00:00', '--job-id', '32', '--raw', '--subdir', 'DAGS_FOLDER/spotify_dag.py', '--cfg-path', '/tmp/tmpgugw19pi']
[2024-05-25T16:59:06.324+0000] {standard_task_runner.py:91} INFO - Job 32: Subtask run_etl_task
[2024-05-25T16:59:06.363+0000] {task_command.py:426} INFO - Running <TaskInstance: my_spotify_dag.run_etl_task manual__2024-05-25T16:58:59.526507+00:00 [running]> on host 146d694e16a6
[2024-05-25T16:59:06.443+0000] {taskinstance.py:2648} INFO - Exporting env vars: AIRFLOW_CTX_DAG_OWNER='Kaz' AIRFLOW_CTX_DAG_ID='my_spotify_dag' AIRFLOW_CTX_TASK_ID='run_etl_task' AIRFLOW_CTX_EXECUTION_DATE='2024-05-25T16:58:59.526507+00:00' AIRFLOW_CTX_TRY_NUMBER='1' AIRFLOW_CTX_DAG_RUN_ID='manual__2024-05-25T16:58:59.526507+00:00'
[2024-05-25T16:59:06.446+0000] {taskinstance.py:430} INFO - ::endgroup::
[2024-05-25T16:59:06.458+0000] {logging_mixin.py:188} INFO - started
[2024-05-25T16:59:06.865+0000] {logging_mixin.py:188} INFO -                                             song_name  ...           played_at
0                                  ウィーアー! (ONE PIECE)  ... 2024-05-25 23:57:18
1                     Fight Together (From ONE PIECE)  ... 2024-05-25 23:51:53
2                                       紅蓮華 -TV ver.-  ... 2024-05-25 23:47:31
3                                          departure!  ... 2024-05-25 23:46:01
4                               Crazy Rainbow (ワンピース)  ... 2024-05-25 23:40:42
5                                    Jiyuu no Tsubasa  ... 2024-05-25 23:37:02
6                       Shoukei to Shikabane no Michi  ... 2024-05-25 23:30:29
7                                 Good Morning World!  ... 2024-05-25 23:25:52
8                                        OVER THE TOP  ... 2024-05-25 23:20:26
9                                departure! - TV Size  ... 2024-05-25 23:15:24
10           Netsujou No Spectrum (Nanatsu No Taizai)  ... 2024-05-25 23:12:58
11                       Guren no Yumiya Tv Size Ver.  ... 2024-05-25 23:09:14
12            Shoukei to Shikabane no Michi - Tv Size  ... 2024-05-25 23:07:39
13                      Shinzo wo Sasageyo! - TV Size  ... 2024-05-25 23:06:08
14    Love Dramatic (From "Kaguya-sama: Love is War")  ... 2024-05-25 23:03:37
15        Kibou No Uta (Food Wars! Shokugeki No Soma)  ... 2024-05-25 22:58:36
16                                     BINKUSUNO SAKE  ... 2024-05-25 22:53:41
17                                 We Are (One Piece)  ... 2024-05-25 22:50:13
18  Dan Dan Kokoro Hikareteku (From "Dragon Ball GT")  ... 2024-05-25 22:45:44
19                    Polaris (Boku No Hero Academia)  ... 2024-05-25 22:42:13
20  Braver (From "Angolmois: Record of Mongol Inva...  ... 2024-05-25 22:37:14
21                                     Because of you  ... 2024-05-25 22:24:18
22                                             Heaven  ... 2024-05-25 22:19:16
23                                           Only You  ... 2024-05-25 22:15:43
24                                              SPOT!  ... 2024-05-25 22:11:39
25                                           The Boys  ... 2024-05-25 22:08:50
26                                          Energetic  ... 2024-05-25 22:04:02
27                                               Hush  ... 2024-05-25 22:00:52
28                                          Something  ... 2024-05-25 21:56:44
29                                        Don't Leave  ... 2024-05-25 21:53:23
30                                      Give it to me  ... 2024-05-25 21:49:36
31                                             NoNoNo  ... 2024-05-25 21:46:15
32                                              Alone  ... 2024-05-25 21:41:17
33                                         Lion Heart  ... 2024-05-25 21:37:50
34                                            Mr. Chu  ... 2024-05-25 21:33:26
35                             LET'S NOT FALL IN LOVE  ... 2024-05-25 21:29:51
36                                               보여줄게  ... 2024-05-25 21:25:48
37                                          Haru Haru  ... 2024-05-25 21:21:28
38                                                Gee  ... 2024-05-25 21:17:10
39                                               STEP  ... 2024-05-25 21:12:31
40                                          Up & Down  ... 2024-05-25 21:09:07
41                                              Genie  ... 2024-05-25 21:05:26
42                                                Mr.  ... 2024-05-25 21:01:37
43                                            Go Away  ... 2024-05-25 20:57:47
44                                          Roly-Poly  ... 2024-05-25 20:54:07
45                                        I GOT A BOY  ... 2024-05-25 20:50:01
46                                 Bad Girl Good Girl  ... 2024-05-25 20:45:29
47                               You and I (Park Bom)  ... 2024-05-25 20:40:58
48                                      I Am The Best  ... 2024-05-25 20:36:59
49                                               FIRE  ... 2024-05-25 20:33:30

[50 rows x 5 columns]
[2024-05-25T16:59:06.874+0000] {base.py:84} INFO - Using connection ID 'postgre_spotify_sql' for task execution.
[2024-05-25T16:59:07.017+0000] {python.py:237} INFO - Done. Returned value was: None
[2024-05-25T16:59:07.019+0000] {taskinstance.py:441} INFO - ::group::Post task execution logs
[2024-05-25T16:59:07.031+0000] {taskinstance.py:1206} INFO - Marking task as SUCCESS. dag_id=my_spotify_dag, task_id=run_etl_task, run_id=manual__2024-05-25T16:58:59.526507+00:00, execution_date=20240525T165859, start_date=20240525T165906, end_date=20240525T165907
[2024-05-25T16:59:07.059+0000] {local_task_job_runner.py:240} INFO - Task exited with return code 0
[2024-05-25T16:59:07.075+0000] {taskinstance.py:3498} INFO - 0 downstream tasks scheduled from follow-on schedule check
[2024-05-25T16:59:07.077+0000] {local_task_job_runner.py:222} INFO - ::endgroup::
