[2024-05-25T16:38:49.047+0000] {manager.py:470} INFO - Processing files using up to 2 processes at a time 
[2024-05-25T16:38:49.049+0000] {manager.py:471} INFO - Process each file at most once every 30 seconds
[2024-05-25T16:38:49.050+0000] {manager.py:472} INFO - Checking for new files in /opt/airflow/dags every 300 seconds
[2024-05-25T16:38:49.051+0000] {manager.py:737} INFO - Searching for files in /opt/airflow/dags
[2024-05-25T16:38:49.234+0000] {manager.py:740} INFO - There are 1 files in /opt/airflow/dags
[2024-05-25T16:38:49.484+0000] {manager.py:878} INFO - 
================================================================================
DAG File Processing Stats

File Path                           PID  Runtime      # DAGs    # Errors  Last Runtime    Last Run
--------------------------------  -----  ---------  --------  ----------  --------------  ----------
/opt/airflow/dags/spotify_dag.py     34  0.05s             0           0
================================================================================
[2024-05-25T16:39:19.665+0000] {manager.py:878} INFO - 
================================================================================
DAG File Processing Stats

File Path                         PID    Runtime      # DAGs    # Errors  Last Runtime    Last Run
--------------------------------  -----  ---------  --------  ----------  --------------  -------------------
/opt/airflow/dags/spotify_dag.py                           0           1  7.04s           2024-05-25T16:38:56
================================================================================
[2024-05-25T16:39:49.878+0000] {manager.py:878} INFO - 
================================================================================
DAG File Processing Stats

File Path                         PID    Runtime      # DAGs    # Errors  Last Runtime    Last Run
--------------------------------  -----  ---------  --------  ----------  --------------  -------------------
/opt/airflow/dags/spotify_dag.py                           0           1  1.45s           2024-05-25T16:39:28
================================================================================
[2024-05-25T16:40:20.423+0000] {manager.py:878} INFO - 
================================================================================
DAG File Processing Stats

File Path                         PID    Runtime      # DAGs    # Errors  Last Runtime    Last Run
--------------------------------  -----  ---------  --------  ----------  --------------  -------------------
/opt/airflow/dags/spotify_dag.py                           0           1  1.68s           2024-05-25T16:39:59
================================================================================
[2024-05-25T16:40:50.627+0000] {manager.py:878} INFO - 
================================================================================
DAG File Processing Stats

File Path                         PID    Runtime      # DAGs    # Errors  Last Runtime    Last Run
--------------------------------  -----  ---------  --------  ----------  --------------  -------------------
/opt/airflow/dags/spotify_dag.py                           0           1  1.15s           2024-05-25T16:40:25
================================================================================
[2024-05-25T16:41:20.862+0000] {manager.py:878} INFO - 
================================================================================
DAG File Processing Stats

File Path                         PID    Runtime      # DAGs    # Errors  Last Runtime    Last Run
--------------------------------  -----  ---------  --------  ----------  --------------  -------------------
/opt/airflow/dags/spotify_dag.py                           0           1  0.82s           2024-05-25T16:40:56
================================================================================
[2024-05-25T16:41:51.002+0000] {manager.py:878} INFO - 
================================================================================
DAG File Processing Stats

File Path                         PID    Runtime      # DAGs    # Errors  Last Runtime    Last Run
--------------------------------  -----  ---------  --------  ----------  --------------  -------------------
/opt/airflow/dags/spotify_dag.py                           0           1  0.87s           2024-05-25T16:41:27
================================================================================
[2024-05-25T16:42:21.140+0000] {manager.py:878} INFO - 
================================================================================
DAG File Processing Stats

File Path                         PID    Runtime      # DAGs    # Errors  Last Runtime    Last Run
--------------------------------  -----  ---------  --------  ----------  --------------  -------------------
/opt/airflow/dags/spotify_dag.py                           0           1  0.81s           2024-05-25T16:41:58
================================================================================
[2024-05-25T16:42:51.557+0000] {manager.py:878} INFO - 
================================================================================
DAG File Processing Stats

File Path                         PID    Runtime      # DAGs    # Errors  Last Runtime    Last Run
--------------------------------  -----  ---------  --------  ----------  --------------  -------------------
/opt/airflow/dags/spotify_dag.py                           0           1  2.85s           2024-05-25T16:42:33
================================================================================
[2024-05-25T16:43:21.902+0000] {manager.py:878} INFO - 
================================================================================
DAG File Processing Stats

File Path                         PID    Runtime      # DAGs    # Errors  Last Runtime    Last Run
--------------------------------  -----  ---------  --------  ----------  --------------  -------------------
/opt/airflow/dags/spotify_dag.py                           1           0  1.38s           2024-05-25T16:43:12
================================================================================
[2024-05-25T16:43:49.415+0000] {manager.py:737} INFO - Searching for files in /opt/airflow/dags
[2024-05-25T16:43:49.482+0000] {manager.py:740} INFO - There are 1 files in /opt/airflow/dags
[2024-05-25T16:43:51.958+0000] {manager.py:878} INFO - 
================================================================================
DAG File Processing Stats

File Path                         PID    Runtime      # DAGs    # Errors  Last Runtime    Last Run
--------------------------------  -----  ---------  --------  ----------  --------------  -------------------
/opt/airflow/dags/spotify_dag.py                           1           0  7.72s           2024-05-25T16:43:50
================================================================================
[2024-05-25T16:44:22.120+0000] {manager.py:878} INFO - 
================================================================================
DAG File Processing Stats

File Path                           PID  Runtime      # DAGs    # Errors  Last Runtime    Last Run
--------------------------------  -----  ---------  --------  ----------  --------------  -------------------
/opt/airflow/dags/spotify_dag.py    123  1.01s             1           0  7.72s           2024-05-25T16:43:50
================================================================================
[2024-05-25T16:44:52.154+0000] {manager.py:878} INFO - 
================================================================================
DAG File Processing Stats

File Path                         PID    Runtime      # DAGs    # Errors  Last Runtime    Last Run
--------------------------------  -----  ---------  --------  ----------  --------------  -------------------
/opt/airflow/dags/spotify_dag.py                           1           0  1.92s           2024-05-25T16:44:23
================================================================================
[2024-05-25T16:45:22.311+0000] {manager.py:878} INFO - 
================================================================================
DAG File Processing Stats

File Path                         PID    Runtime      # DAGs    # Errors  Last Runtime    Last Run
--------------------------------  -----  ---------  --------  ----------  --------------  -------------------
/opt/airflow/dags/spotify_dag.py                           1           0  2.98s           2024-05-25T16:45:19
================================================================================
[2024-05-25T16:45:52.390+0000] {manager.py:878} INFO - 
================================================================================
DAG File Processing Stats

File Path                         PID    Runtime      # DAGs    # Errors  Last Runtime    Last Run
--------------------------------  -----  ---------  --------  ----------  --------------  -------------------
/opt/airflow/dags/spotify_dag.py                           1           0  0.92s           2024-05-25T16:45:50
================================================================================
[2024-05-25T16:46:22.613+0000] {manager.py:878} INFO - 
================================================================================
DAG File Processing Stats

File Path                         PID    Runtime      # DAGs    # Errors  Last Runtime    Last Run
--------------------------------  -----  ---------  --------  ----------  --------------  -------------------
/opt/airflow/dags/spotify_dag.py                           1           0  0.98s           2024-05-25T16:46:06
================================================================================
[2024-05-25T16:46:52.628+0000] {manager.py:878} INFO - 
================================================================================
DAG File Processing Stats

File Path                         PID    Runtime      # DAGs    # Errors  Last Runtime    Last Run
--------------------------------  -----  ---------  --------  ----------  --------------  -------------------
/opt/airflow/dags/spotify_dag.py                           1           0  0.86s           2024-05-25T16:46:37
================================================================================
[2024-05-25T16:47:22.823+0000] {manager.py:878} INFO - 
================================================================================
DAG File Processing Stats

File Path                         PID    Runtime      # DAGs    # Errors  Last Runtime    Last Run
--------------------------------  -----  ---------  --------  ----------  --------------  -------------------
/opt/airflow/dags/spotify_dag.py                           1           0  1.02s           2024-05-25T16:46:56
================================================================================
[2024-05-25T16:47:52.903+0000] {manager.py:878} INFO - 
================================================================================
DAG File Processing Stats

File Path                         PID    Runtime      # DAGs    # Errors  Last Runtime    Last Run
--------------------------------  -----  ---------  --------  ----------  --------------  -------------------
/opt/airflow/dags/spotify_dag.py                           1           0  0.86s           2024-05-25T16:47:43
================================================================================
[2024-05-25T16:48:23.079+0000] {manager.py:878} INFO - 
================================================================================
DAG File Processing Stats

File Path                         PID    Runtime      # DAGs    # Errors  Last Runtime    Last Run
--------------------------------  -----  ---------  --------  ----------  --------------  -------------------
/opt/airflow/dags/spotify_dag.py                           1           0  1.09s           2024-05-25T16:48:15
================================================================================
[2024-05-25T16:48:50.065+0000] {manager.py:737} INFO - Searching for files in /opt/airflow/dags
[2024-05-25T16:48:50.082+0000] {manager.py:740} INFO - There are 1 files in /opt/airflow/dags
[2024-05-25T16:48:53.112+0000] {manager.py:878} INFO - 
================================================================================
DAG File Processing Stats

File Path                         PID    Runtime      # DAGs    # Errors  Last Runtime    Last Run
--------------------------------  -----  ---------  --------  ----------  --------------  -------------------
/opt/airflow/dags/spotify_dag.py                           1           0  0.84s           2024-05-25T16:48:46
================================================================================
[2024-05-25T16:49:23.130+0000] {manager.py:878} INFO - 
================================================================================
DAG File Processing Stats

File Path                         PID    Runtime      # DAGs    # Errors  Last Runtime    Last Run
--------------------------------  -----  ---------  --------  ----------  --------------  -------------------
/opt/airflow/dags/spotify_dag.py                           1           0  0.86s           2024-05-25T16:49:17
================================================================================
[2024-05-25T16:49:53.235+0000] {manager.py:878} INFO - 
================================================================================
DAG File Processing Stats

File Path                         PID    Runtime      # DAGs    # Errors  Last Runtime    Last Run
--------------------------------  -----  ---------  --------  ----------  --------------  -------------------
/opt/airflow/dags/spotify_dag.py                           1           0  0.89s           2024-05-25T16:49:45
================================================================================
[2024-05-25T16:50:23.413+0000] {manager.py:878} INFO - 
================================================================================
DAG File Processing Stats

File Path                         PID    Runtime      # DAGs    # Errors  Last Runtime    Last Run
--------------------------------  -----  ---------  --------  ----------  --------------  -------------------
/opt/airflow/dags/spotify_dag.py                           1           0  1.05s           2024-05-25T16:50:16
================================================================================
[2024-05-25T16:50:53.605+0000] {manager.py:878} INFO - 
================================================================================
DAG File Processing Stats

File Path                         PID    Runtime      # DAGs    # Errors  Last Runtime    Last Run
--------------------------------  -----  ---------  --------  ----------  --------------  -------------------
/opt/airflow/dags/spotify_dag.py                           1           0  1.61s           2024-05-25T16:50:48
================================================================================
[2024-05-25T16:51:24.341+0000] {manager.py:878} INFO - 
================================================================================
DAG File Processing Stats

File Path                         PID    Runtime      # DAGs    # Errors  Last Runtime    Last Run
--------------------------------  -----  ---------  --------  ----------  --------------  -------------------
/opt/airflow/dags/spotify_dag.py                           1           0  1.05s           2024-05-25T16:51:19
================================================================================
[2024-05-25T16:51:54.364+0000] {manager.py:878} INFO - 
================================================================================
DAG File Processing Stats

File Path                         PID    Runtime      # DAGs    # Errors  Last Runtime    Last Run
--------------------------------  -----  ---------  --------  ----------  --------------  -------------------
/opt/airflow/dags/spotify_dag.py                           1           0  0.86s           2024-05-25T16:51:50
================================================================================
[2024-05-25T16:52:24.637+0000] {manager.py:878} INFO - 
================================================================================
DAG File Processing Stats

File Path                         PID    Runtime      # DAGs    # Errors  Last Runtime    Last Run
--------------------------------  -----  ---------  --------  ----------  --------------  -------------------
/opt/airflow/dags/spotify_dag.py                           1           0  0.91s           2024-05-25T16:52:24
================================================================================
[2024-05-25T16:52:54.774+0000] {manager.py:878} INFO - 
================================================================================
DAG File Processing Stats

File Path                           PID  Runtime      # DAGs    # Errors  Last Runtime    Last Run
--------------------------------  -----  ---------  --------  ----------  --------------  -------------------
/opt/airflow/dags/spotify_dag.py    263  0.29s             1           0  0.91s           2024-05-25T16:52:24
================================================================================
[2024-05-25T16:53:24.914+0000] {manager.py:878} INFO - 
================================================================================
DAG File Processing Stats

File Path                         PID    Runtime      # DAGs    # Errors  Last Runtime    Last Run
--------------------------------  -----  ---------  --------  ----------  --------------  -------------------
/opt/airflow/dags/spotify_dag.py                           1           0  0.84s           2024-05-25T16:52:55
================================================================================
[2024-05-25T16:53:50.588+0000] {manager.py:737} INFO - Searching for files in /opt/airflow/dags
[2024-05-25T16:53:50.605+0000] {manager.py:740} INFO - There are 1 files in /opt/airflow/dags
[2024-05-25T16:53:55.649+0000] {manager.py:878} INFO - 
================================================================================
DAG File Processing Stats

File Path                         PID    Runtime      # DAGs    # Errors  Last Runtime    Last Run
--------------------------------  -----  ---------  --------  ----------  --------------  -------------------
/opt/airflow/dags/spotify_dag.py                           1           0  0.99s           2024-05-25T16:53:50
================================================================================
[2024-05-25T16:54:25.832+0000] {manager.py:878} INFO - 
================================================================================
DAG File Processing Stats

File Path                         PID    Runtime      # DAGs    # Errors  Last Runtime    Last Run
--------------------------------  -----  ---------  --------  ----------  --------------  -------------------
/opt/airflow/dags/spotify_dag.py                           1           0  1.31s           2024-05-25T16:54:22
================================================================================
[2024-05-25T16:54:55.988+0000] {manager.py:878} INFO - 
================================================================================
DAG File Processing Stats

File Path                         PID    Runtime      # DAGs    # Errors  Last Runtime    Last Run
--------------------------------  -----  ---------  --------  ----------  --------------  -------------------
/opt/airflow/dags/spotify_dag.py                           1           0  0.91s           2024-05-25T16:54:53
================================================================================
[2024-05-25T16:55:26.130+0000] {manager.py:878} INFO - 
================================================================================
DAG File Processing Stats

File Path                         PID    Runtime      # DAGs    # Errors  Last Runtime    Last Run
--------------------------------  -----  ---------  --------  ----------  --------------  -------------------
/opt/airflow/dags/spotify_dag.py                           1           0  0.84s           2024-05-25T16:55:24
================================================================================
[2024-05-25T16:55:56.289+0000] {manager.py:878} INFO - 
================================================================================
DAG File Processing Stats

File Path                         PID    Runtime      # DAGs    # Errors  Last Runtime    Last Run
--------------------------------  -----  ---------  --------  ----------  --------------  -------------------
/opt/airflow/dags/spotify_dag.py                           1           0  0.78s           2024-05-25T16:55:55
================================================================================
[2024-05-25T16:56:26.433+0000] {manager.py:878} INFO - 
================================================================================
DAG File Processing Stats

File Path                         PID    Runtime      # DAGs    # Errors  Last Runtime    Last Run
--------------------------------  -----  ---------  --------  ----------  --------------  -------------------
/opt/airflow/dags/spotify_dag.py                           1           0  0.95s           2024-05-25T16:56:26
================================================================================
[2024-05-25T16:56:56.569+0000] {manager.py:878} INFO - 
================================================================================
DAG File Processing Stats

File Path                           PID  Runtime      # DAGs    # Errors  Last Runtime    Last Run
--------------------------------  -----  ---------  --------  ----------  --------------  -------------------
/opt/airflow/dags/spotify_dag.py    327  0.25s             1           0  0.95s           2024-05-25T16:56:26
================================================================================
[2024-05-25T16:57:26.591+0000] {manager.py:878} INFO - 
================================================================================
DAG File Processing Stats

File Path                         PID    Runtime      # DAGs    # Errors  Last Runtime    Last Run
--------------------------------  -----  ---------  --------  ----------  --------------  -------------------
/opt/airflow/dags/spotify_dag.py                           1           0  1.13s           2024-05-25T16:56:57
================================================================================
[2024-05-25T16:57:56.615+0000] {manager.py:878} INFO - 
================================================================================
DAG File Processing Stats

File Path                         PID    Runtime      # DAGs    # Errors  Last Runtime    Last Run
--------------------------------  -----  ---------  --------  ----------  --------------  -------------------
/opt/airflow/dags/spotify_dag.py                           1           0  0.96s           2024-05-25T16:57:28
================================================================================
[2024-05-25T16:58:26.747+0000] {manager.py:878} INFO - 
================================================================================
DAG File Processing Stats

File Path                         PID    Runtime      # DAGs    # Errors  Last Runtime    Last Run
--------------------------------  -----  ---------  --------  ----------  --------------  -------------------
/opt/airflow/dags/spotify_dag.py                           1           0  0.98s           2024-05-25T16:57:59
================================================================================
[2024-05-25T16:58:50.697+0000] {manager.py:737} INFO - Searching for files in /opt/airflow/dags
[2024-05-25T16:58:50.718+0000] {manager.py:740} INFO - There are 1 files in /opt/airflow/dags
[2024-05-25T16:58:56.762+0000] {manager.py:878} INFO - 
================================================================================
DAG File Processing Stats

File Path                         PID    Runtime      # DAGs    # Errors  Last Runtime    Last Run
--------------------------------  -----  ---------  --------  ----------  --------------  -------------------
/opt/airflow/dags/spotify_dag.py                           1           0  0.83s           2024-05-25T16:58:30
================================================================================
[2024-05-25T16:59:27.144+0000] {manager.py:878} INFO - 
================================================================================
DAG File Processing Stats

File Path                         PID    Runtime      # DAGs    # Errors  Last Runtime    Last Run
--------------------------------  -----  ---------  --------  ----------  --------------  -------------------
/opt/airflow/dags/spotify_dag.py                           1           0  1.48s           2024-05-25T16:59:02
================================================================================
[2024-05-25T16:59:41.611+0000] {manager.py:452} INFO - Exiting gracefully upon receiving signal 15
