[2024-05-25T16:49:54.292+0000] {local_task_job_runner.py:120} INFO - ::group::Pre task execution logs
[2024-05-25T16:49:54.312+0000] {taskinstance.py:2076} INFO - Dependencies all met for dep_context=non-requeueable deps ti=<TaskInstance: my_spotify_dag.create_table_task manual__2024-05-25T16:49:49.051769+00:00 [queued]>
[2024-05-25T16:49:54.320+0000] {taskinstance.py:2076} INFO - Dependencies all met for dep_context=requeueable deps ti=<TaskInstance: my_spotify_dag.create_table_task manual__2024-05-25T16:49:49.051769+00:00 [queued]>
[2024-05-25T16:49:54.321+0000] {taskinstance.py:2306} INFO - Starting attempt 1 of 6
[2024-05-25T16:49:54.334+0000] {taskinstance.py:2330} INFO - Executing <Task(PostgresOperator): create_table_task> on 2024-05-25 16:49:49.051769+00:00
[2024-05-25T16:49:54.349+0000] {warnings.py:110} WARNING - /home/***/.local/lib/python3.12/site-packages/***/task/task_runner/standard_task_runner.py:61: DeprecationWarning: This process (pid=242) is multi-threaded, use of fork() may lead to deadlocks in the child.
  pid = os.fork()

[2024-05-25T16:49:54.351+0000] {standard_task_runner.py:63} INFO - Started process 244 to run task
[2024-05-25T16:49:54.350+0000] {standard_task_runner.py:90} INFO - Running: ['***', 'tasks', 'run', 'my_spotify_dag', 'create_table_task', 'manual__2024-05-25T16:49:49.051769+00:00', '--job-id', '19', '--raw', '--subdir', 'DAGS_FOLDER/spotify_dag.py', '--cfg-path', '/tmp/tmpt3me10m3']
[2024-05-25T16:49:54.352+0000] {standard_task_runner.py:91} INFO - Job 19: Subtask create_table_task
[2024-05-25T16:49:54.401+0000] {task_command.py:426} INFO - Running <TaskInstance: my_spotify_dag.create_table_task manual__2024-05-25T16:49:49.051769+00:00 [running]> on host 146d694e16a6
[2024-05-25T16:49:54.486+0000] {taskinstance.py:2648} INFO - Exporting env vars: AIRFLOW_CTX_DAG_OWNER='Kaz' AIRFLOW_CTX_DAG_ID='my_spotify_dag' AIRFLOW_CTX_TASK_ID='create_table_task' AIRFLOW_CTX_EXECUTION_DATE='2024-05-25T16:49:49.051769+00:00' AIRFLOW_CTX_TRY_NUMBER='1' AIRFLOW_CTX_DAG_RUN_ID='manual__2024-05-25T16:49:49.051769+00:00'
[2024-05-25T16:49:54.489+0000] {taskinstance.py:430} INFO - ::endgroup::
[2024-05-25T16:49:54.501+0000] {sql.py:276} INFO - Executing: 
                create table if not exists my_listened_song(
                    song_name varchar(50),
                    artis_name varchar(50),
                    album_name varchar(50),
                    release varchar(10),
                    played_at varchar(50),
                    CONSTRAINT primary_key_constraint PRIMARY KEY (played_at)
                )
                
[2024-05-25T16:49:54.510+0000] {base.py:84} INFO - Using connection ID 'postgre_spotify_sql' for task execution.
[2024-05-25T16:49:54.519+0000] {base.py:84} INFO - Using connection ID 'postgre_spotify_sql' for task execution.
[2024-05-25T16:49:54.697+0000] {sql.py:470} INFO - Running statement: 
                create table if not exists my_listened_song(
                    song_name varchar(50),
                    artis_name varchar(50),
                    album_name varchar(50),
                    release varchar(10),
                    played_at varchar(50),
                    CONSTRAINT primary_key_constraint PRIMARY KEY (played_at)
                )
                , parameters: None
[2024-05-25T16:49:54.703+0000] {taskinstance.py:441} INFO - ::group::Post task execution logs
[2024-05-25T16:49:54.713+0000] {taskinstance.py:1206} INFO - Marking task as SUCCESS. dag_id=my_spotify_dag, task_id=create_table_task, run_id=manual__2024-05-25T16:49:49.051769+00:00, execution_date=20240525T164949, start_date=20240525T164954, end_date=20240525T164954
[2024-05-25T16:49:54.766+0000] {local_task_job_runner.py:240} INFO - Task exited with return code 0
[2024-05-25T16:49:54.779+0000] {warnings.py:110} WARNING - /home/***/.local/lib/python3.12/site-packages/***/models/baseoperator.py:1296: AirflowProviderDeprecationWarning: Call to deprecated class PostgresOperator. (Please use `***.providers.common.sql.operators.sql.SQLExecuteQueryOperator`.Also, you can provide `hook_params={'schema': <database>}`.)
  result = cls.__new__(cls)

[2024-05-25T16:49:54.792+0000] {taskinstance.py:3498} INFO - 1 downstream tasks scheduled from follow-on schedule check
[2024-05-25T16:49:54.796+0000] {local_task_job_runner.py:222} INFO - ::endgroup::
