[2024-05-25T16:49:56.140+0000] {local_task_job_runner.py:120} INFO - ::group::Pre task execution logs
[2024-05-25T16:49:56.158+0000] {taskinstance.py:2076} INFO - Dependencies all met for dep_context=non-requeueable deps ti=<TaskInstance: my_spotify_dag.run_etl_task manual__2024-05-25T16:49:49.051769+00:00 [queued]>
[2024-05-25T16:49:56.166+0000] {taskinstance.py:2076} INFO - Dependencies all met for dep_context=requeueable deps ti=<TaskInstance: my_spotify_dag.run_etl_task manual__2024-05-25T16:49:49.051769+00:00 [queued]>
[2024-05-25T16:49:56.166+0000] {taskinstance.py:2306} INFO - Starting attempt 1 of 6
[2024-05-25T16:49:56.178+0000] {taskinstance.py:2330} INFO - Executing <Task(PythonOperator): run_etl_task> on 2024-05-25 16:49:49.051769+00:00
[2024-05-25T16:49:56.188+0000] {warnings.py:110} WARNING - /home/***/.local/lib/python3.12/site-packages/***/task/task_runner/standard_task_runner.py:61: DeprecationWarning: This process (pid=245) is multi-threaded, use of fork() may lead to deadlocks in the child.
  pid = os.fork()

[2024-05-25T16:49:56.190+0000] {standard_task_runner.py:63} INFO - Started process 247 to run task
[2024-05-25T16:49:56.190+0000] {standard_task_runner.py:90} INFO - Running: ['***', 'tasks', 'run', 'my_spotify_dag', 'run_etl_task', 'manual__2024-05-25T16:49:49.051769+00:00', '--job-id', '20', '--raw', '--subdir', 'DAGS_FOLDER/spotify_dag.py', '--cfg-path', '/tmp/tmpafp_q6jw']
[2024-05-25T16:49:56.191+0000] {standard_task_runner.py:91} INFO - Job 20: Subtask run_etl_task
[2024-05-25T16:49:56.231+0000] {task_command.py:426} INFO - Running <TaskInstance: my_spotify_dag.run_etl_task manual__2024-05-25T16:49:49.051769+00:00 [running]> on host 146d694e16a6
[2024-05-25T16:49:56.309+0000] {taskinstance.py:2648} INFO - Exporting env vars: AIRFLOW_CTX_DAG_OWNER='Kaz' AIRFLOW_CTX_DAG_ID='my_spotify_dag' AIRFLOW_CTX_TASK_ID='run_etl_task' AIRFLOW_CTX_EXECUTION_DATE='2024-05-25T16:49:49.051769+00:00' AIRFLOW_CTX_TRY_NUMBER='1' AIRFLOW_CTX_DAG_RUN_ID='manual__2024-05-25T16:49:49.051769+00:00'
[2024-05-25T16:49:56.311+0000] {taskinstance.py:430} INFO - ::endgroup::
[2024-05-25T16:49:56.321+0000] {logging_mixin.py:188} INFO - started
[2024-05-25T16:49:56.680+0000] {base.py:84} INFO - Using connection ID 'postgre_spotify_sql' for task execution.
[2024-05-25T16:49:56.846+0000] {python.py:237} INFO - Done. Returned value was: None
[2024-05-25T16:49:56.847+0000] {taskinstance.py:441} INFO - ::group::Post task execution logs
[2024-05-25T16:49:56.856+0000] {taskinstance.py:1206} INFO - Marking task as SUCCESS. dag_id=my_spotify_dag, task_id=run_etl_task, run_id=manual__2024-05-25T16:49:49.051769+00:00, execution_date=20240525T164949, start_date=20240525T164956, end_date=20240525T164956
[2024-05-25T16:49:56.886+0000] {local_task_job_runner.py:240} INFO - Task exited with return code 0
[2024-05-25T16:49:56.901+0000] {taskinstance.py:3498} INFO - 0 downstream tasks scheduled from follow-on schedule check
[2024-05-25T16:49:56.902+0000] {local_task_job_runner.py:222} INFO - ::endgroup::
