[2024-05-25T16:59:04.017+0000] {local_task_job_runner.py:120} INFO - ::group::Pre task execution logs
[2024-05-25T16:59:04.037+0000] {taskinstance.py:2076} INFO - Dependencies all met for dep_context=non-requeueable deps ti=<TaskInstance: my_spotify_dag.create_table_task manual__2024-05-25T16:58:59.526507+00:00 [queued]>
[2024-05-25T16:59:04.045+0000] {taskinstance.py:2076} INFO - Dependencies all met for dep_context=requeueable deps ti=<TaskInstance: my_spotify_dag.create_table_task manual__2024-05-25T16:58:59.526507+00:00 [queued]>
[2024-05-25T16:59:04.046+0000] {taskinstance.py:2306} INFO - Starting attempt 1 of 6
[2024-05-25T16:59:04.059+0000] {taskinstance.py:2330} INFO - Executing <Task(PostgresOperator): create_table_task> on 2024-05-25 16:58:59.526507+00:00
[2024-05-25T16:59:04.073+0000] {warnings.py:110} WARNING - /home/***/.local/lib/python3.12/site-packages/***/task/task_runner/standard_task_runner.py:61: DeprecationWarning: This process (pid=397) is multi-threaded, use of fork() may lead to deadlocks in the child.
  pid = os.fork()

[2024-05-25T16:59:04.074+0000] {standard_task_runner.py:90} INFO - Running: ['***', 'tasks', 'run', 'my_spotify_dag', 'create_table_task', 'manual__2024-05-25T16:58:59.526507+00:00', '--job-id', '31', '--raw', '--subdir', 'DAGS_FOLDER/spotify_dag.py', '--cfg-path', '/tmp/tmp9ydb0ads']
[2024-05-25T16:59:04.075+0000] {standard_task_runner.py:63} INFO - Started process 399 to run task
[2024-05-25T16:59:04.076+0000] {standard_task_runner.py:91} INFO - Job 31: Subtask create_table_task
[2024-05-25T16:59:04.120+0000] {task_command.py:426} INFO - Running <TaskInstance: my_spotify_dag.create_table_task manual__2024-05-25T16:58:59.526507+00:00 [running]> on host 146d694e16a6
[2024-05-25T16:59:04.210+0000] {taskinstance.py:2648} INFO - Exporting env vars: AIRFLOW_CTX_DAG_OWNER='Kaz' AIRFLOW_CTX_DAG_ID='my_spotify_dag' AIRFLOW_CTX_TASK_ID='create_table_task' AIRFLOW_CTX_EXECUTION_DATE='2024-05-25T16:58:59.526507+00:00' AIRFLOW_CTX_TRY_NUMBER='1' AIRFLOW_CTX_DAG_RUN_ID='manual__2024-05-25T16:58:59.526507+00:00'
[2024-05-25T16:59:04.213+0000] {taskinstance.py:430} INFO - ::endgroup::
[2024-05-25T16:59:04.229+0000] {sql.py:276} INFO - Executing: 
                create table if not exists my_listened_song(
                    song_name varchar(50),
                    artis_name varchar(50),
                    album_name varchar(50),
                    release date,
                    played_at date,
                    CONSTRAINT primary_key_constraint PRIMARY KEY (played_at)
                )
                
[2024-05-25T16:59:04.239+0000] {base.py:84} INFO - Using connection ID 'postgre_spotify_sql' for task execution.
[2024-05-25T16:59:04.248+0000] {base.py:84} INFO - Using connection ID 'postgre_spotify_sql' for task execution.
[2024-05-25T16:59:04.295+0000] {sql.py:470} INFO - Running statement: 
                create table if not exists my_listened_song(
                    song_name varchar(50),
                    artis_name varchar(50),
                    album_name varchar(50),
                    release date,
                    played_at date,
                    CONSTRAINT primary_key_constraint PRIMARY KEY (played_at)
                )
                , parameters: None
[2024-05-25T16:59:04.302+0000] {taskinstance.py:441} INFO - ::group::Post task execution logs
[2024-05-25T16:59:04.316+0000] {taskinstance.py:1206} INFO - Marking task as SUCCESS. dag_id=my_spotify_dag, task_id=create_table_task, run_id=manual__2024-05-25T16:58:59.526507+00:00, execution_date=20240525T165859, start_date=20240525T165904, end_date=20240525T165904
[2024-05-25T16:59:04.370+0000] {local_task_job_runner.py:240} INFO - Task exited with return code 0
[2024-05-25T16:59:04.383+0000] {warnings.py:110} WARNING - /home/***/.local/lib/python3.12/site-packages/***/models/baseoperator.py:1296: AirflowProviderDeprecationWarning: Call to deprecated class PostgresOperator. (Please use `***.providers.common.sql.operators.sql.SQLExecuteQueryOperator`.Also, you can provide `hook_params={'schema': <database>}`.)
  result = cls.__new__(cls)

[2024-05-25T16:59:04.393+0000] {taskinstance.py:3498} INFO - 1 downstream tasks scheduled from follow-on schedule check
[2024-05-25T16:59:04.395+0000] {local_task_job_runner.py:222} INFO - ::endgroup::
