[2024-05-25T16:47:17.569+0000] {local_task_job_runner.py:120} INFO - ::group::Pre task execution logs
[2024-05-25T16:47:17.586+0000] {taskinstance.py:2076} INFO - Dependencies all met for dep_context=non-requeueable deps ti=<TaskInstance: my_spotify_dag.run_etl_task manual__2024-05-25T16:46:11.145718+00:00 [queued]>
[2024-05-25T16:47:17.593+0000] {taskinstance.py:2076} INFO - Dependencies all met for dep_context=requeueable deps ti=<TaskInstance: my_spotify_dag.run_etl_task manual__2024-05-25T16:46:11.145718+00:00 [queued]>
[2024-05-25T16:47:17.594+0000] {taskinstance.py:2306} INFO - Starting attempt 1 of 6
[2024-05-25T16:47:17.606+0000] {taskinstance.py:2330} INFO - Executing <Task(PythonOperator): run_etl_task> on 2024-05-25 16:46:11.145718+00:00
[2024-05-25T16:47:17.612+0000] {warnings.py:110} WARNING - /home/***/.local/lib/python3.12/site-packages/***/task/task_runner/standard_task_runner.py:61: DeprecationWarning: This process (pid=193) is multi-threaded, use of fork() may lead to deadlocks in the child.
  pid = os.fork()

[2024-05-25T16:47:17.614+0000] {standard_task_runner.py:63} INFO - Started process 195 to run task
[2024-05-25T16:47:17.614+0000] {standard_task_runner.py:90} INFO - Running: ['***', 'tasks', 'run', 'my_spotify_dag', 'run_etl_task', 'manual__2024-05-25T16:46:11.145718+00:00', '--job-id', '14', '--raw', '--subdir', 'DAGS_FOLDER/spotify_dag.py', '--cfg-path', '/tmp/tmpxpk5d4k2']
[2024-05-25T16:47:17.615+0000] {standard_task_runner.py:91} INFO - Job 14: Subtask run_etl_task
[2024-05-25T16:47:17.651+0000] {task_command.py:426} INFO - Running <TaskInstance: my_spotify_dag.run_etl_task manual__2024-05-25T16:46:11.145718+00:00 [running]> on host 146d694e16a6
[2024-05-25T16:47:17.724+0000] {taskinstance.py:2648} INFO - Exporting env vars: AIRFLOW_CTX_DAG_OWNER='Kaz' AIRFLOW_CTX_DAG_ID='my_spotify_dag' AIRFLOW_CTX_TASK_ID='run_etl_task' AIRFLOW_CTX_EXECUTION_DATE='2024-05-25T16:46:11.145718+00:00' AIRFLOW_CTX_TRY_NUMBER='1' AIRFLOW_CTX_DAG_RUN_ID='manual__2024-05-25T16:46:11.145718+00:00'
[2024-05-25T16:47:17.726+0000] {taskinstance.py:430} INFO - ::endgroup::
[2024-05-25T16:47:17.736+0000] {logging_mixin.py:188} INFO - started
[2024-05-25T16:47:18.085+0000] {logging_mixin.py:188} INFO -     song_name  artis_name  album_name  release           played_at
0           1           1           1        1 2024-05-25 20:21:58
1           1           1           1        1 2024-05-25 20:25:54
2           1           1           1        1 2024-05-25 20:29:44
3           1           1           1        1 2024-05-25 20:33:30
4           1           1           1        1 2024-05-25 20:36:59
5           1           1           1        1 2024-05-25 20:40:58
6           1           1           1        1 2024-05-25 20:45:29
7           1           1           1        1 2024-05-25 20:50:01
8           1           1           1        1 2024-05-25 20:54:07
9           1           1           1        1 2024-05-25 20:57:47
10          1           1           1        1 2024-05-25 21:01:37
11          1           1           1        1 2024-05-25 21:05:26
12          1           1           1        1 2024-05-25 21:09:07
13          1           1           1        1 2024-05-25 21:12:31
14          1           1           1        1 2024-05-25 21:17:10
15          1           1           1        1 2024-05-25 21:21:28
16          1           1           1        1 2024-05-25 21:25:48
17          1           1           1        1 2024-05-25 21:29:51
18          1           1           1        1 2024-05-25 21:33:26
19          1           1           1        1 2024-05-25 21:37:50
20          1           1           1        1 2024-05-25 21:41:17
21          1           1           1        1 2024-05-25 21:46:15
22          1           1           1        1 2024-05-25 21:49:36
23          1           1           1        1 2024-05-25 21:53:23
24          1           1           1        1 2024-05-25 21:56:44
25          1           1           1        1 2024-05-25 22:00:52
26          1           1           1        1 2024-05-25 22:04:02
27          1           1           1        1 2024-05-25 22:08:50
28          1           1           1        1 2024-05-25 22:11:39
29          1           1           1        1 2024-05-25 22:15:43
30          1           1           1        1 2024-05-25 22:19:16
31          1           1           1        1 2024-05-25 22:24:18
32          1           1           1        1 2024-05-25 22:37:14
33          1           1           1        1 2024-05-25 22:42:13
34          1           1           1        1 2024-05-25 22:45:44
35          1           1           1        1 2024-05-25 22:50:13
36          1           1           1        1 2024-05-25 22:53:41
37          1           1           1        1 2024-05-25 22:58:36
38          1           1           1        1 2024-05-25 23:03:37
39          1           1           1        1 2024-05-25 23:06:08
40          1           1           1        1 2024-05-25 23:07:39
41          1           1           1        1 2024-05-25 23:09:14
42          1           1           1        1 2024-05-25 23:12:58
43          1           1           1        1 2024-05-25 23:15:24
44          1           1           1        1 2024-05-25 23:20:26
45          1           1           1        1 2024-05-25 23:25:52
46          1           1           1        1 2024-05-25 23:30:29
47          1           1           1        1 2024-05-25 23:37:02
48          1           1           1        1 2024-05-25 23:40:42
49          1           1           1        1 2024-05-25 23:46:01
[2024-05-25T16:47:18.093+0000] {base.py:84} INFO - Using connection ID 'postgre_spotify_sql' for task execution.
[2024-05-25T16:47:18.199+0000] {python.py:237} INFO - Done. Returned value was: None
[2024-05-25T16:47:18.200+0000] {taskinstance.py:441} INFO - ::group::Post task execution logs
[2024-05-25T16:47:18.209+0000] {taskinstance.py:1206} INFO - Marking task as SUCCESS. dag_id=my_spotify_dag, task_id=run_etl_task, run_id=manual__2024-05-25T16:46:11.145718+00:00, execution_date=20240525T164611, start_date=20240525T164717, end_date=20240525T164718
[2024-05-25T16:47:18.229+0000] {local_task_job_runner.py:240} INFO - Task exited with return code 0
[2024-05-25T16:47:18.243+0000] {taskinstance.py:3498} INFO - 0 downstream tasks scheduled from follow-on schedule check
[2024-05-25T16:47:18.245+0000] {local_task_job_runner.py:222} INFO - ::endgroup::
